[17:05:56] [modloading-worker-0/INFO] ========================================
[17:05:56] [modloading-worker-0/INFO] Minecraft: 1.20.1
[17:05:56] [modloading-worker-0/INFO] Side: client
[17:05:56] [modloading-worker-0/INFO] Development: false
[17:05:56] [modloading-worker-0/INFO] Version: 12.1.725
[17:05:56] [modloading-worker-0/INFO] Loader:
[17:05:56] [modloading-worker-0/INFO] - Forge: 47.2.0
[17:05:56] [modloading-worker-0/INFO] Dependencies:
[17:05:56] [modloading-worker-0/INFO] - Cloth Config: 11.1.118
[17:05:56] [modloading-worker-0/INFO] - Architectury: 9.2.14
[17:05:56] [modloading-worker-0/INFO] Mixin: 0.8.5
[17:05:56] [modloading-worker-0/INFO] OS: Windows 11 10.0 (amd64)
[17:05:56] [modloading-worker-0/INFO] Java: 17.0.11 (Azul Systems, Inc.)
[17:05:56] [modloading-worker-0/INFO] ========================================
[17:05:56] [modloading-worker-0/INFO] Mods:
[17:05:56] [modloading-worker-0/INFO] - amecsapi: 1.5.3+mc1.20-pre1
[17:05:56] [modloading-worker-0/INFO] - apotheosis: 7.3.5
[17:05:56] [modloading-worker-0/INFO] - architectury: 9.2.14
[17:05:56] [modloading-worker-0/INFO] - ars_elemental: 1.20.1-0.6.5
[17:05:56] [modloading-worker-0/INFO] - ars_nouveau: 4.11.0
[17:05:56] [modloading-worker-0/INFO] - attributefix: 21.0.4
[17:05:56] [modloading-worker-0/INFO] - attributeslib: 1.3.5
[17:05:56] [modloading-worker-0/INFO] - bettercombat: 1.8.5+1.20.1
[17:05:56] [modloading-worker-0/INFO] - betterf3: 7.0.2
[17:05:56] [modloading-worker-0/INFO] - botania: 1.20.1-444-FORGE
[17:05:56] [modloading-worker-0/INFO] - cardinal_components_base: 5.2.0
[17:05:56] [modloading-worker-0/INFO] - cardinal_components_entity: 5.2.0
[17:05:56] [modloading-worker-0/INFO] - cloth_config: 11.1.118
[17:05:56] [modloading-worker-0/INFO] - combatroll: 1.3.2+1.20.1
[17:05:56] [modloading-worker-0/INFO] - connectorextras: 1.10.1+1.20.1
[17:05:56] [modloading-worker-0/INFO] - connectorextras_architectury_bridge: 1.10.1+1.20.1
[17:05:56] [modloading-worker-0/INFO] - connectorextras_continuity_compat: 1.10.1+1.20.1
[17:05:56] [modloading-worker-0/INFO] - connectorextras_emi_bridge: 1.10.1+1.20.1
[17:05:56] [modloading-worker-0/INFO] - connectorextras_energy_bridge: 1.10.1+1.20.1
[17:05:56] [modloading-worker-0/INFO] - connectorextras_geckolib_fabric_compat: 1.10.1+1.20.1
[17:05:56] [modloading-worker-0/INFO] - connectorextras_jei_bridge: 1.10.1+1.20.1
[17:05:56] [modloading-worker-0/INFO] - connectorextras_kubejs_bridge: 1.10.1+1.20.1
[17:05:56] [modloading-worker-0/INFO] - connectorextras_modmenu_bridge: 1.10.1+1.20.1
[17:05:56] [modloading-worker-0/INFO] - connectorextras_pehkui_bridge: 1.10.1+1.20.1
[17:05:56] [modloading-worker-0/INFO] - connectorextras_rei_bridge: 1.10.1+1.20.1
[17:05:56] [modloading-worker-0/INFO] - connectorextras_terrablender_bridge: 1.10.1+1.20.1
[17:05:56] [modloading-worker-0/INFO] - connectormod: 1.0.0-beta.43+1.20.1
[17:05:56] [modloading-worker-0/INFO] - create: 0.5.1.f
[17:05:56] [modloading-worker-0/INFO] - create_jetpack: 4.2.1
[17:05:56] [modloading-worker-0/INFO] - curios: 5.9.1+1.20.1
[17:05:56] [modloading-worker-0/INFO] - diet: 2.1.1+1.20.1
[17:05:56] [modloading-worker-0/INFO] - dimdoors: 5.3.5
[17:05:56] [modloading-worker-0/INFO] - do_a_barrel_roll: 3.5.6+1.20.1
[17:05:56] [modloading-worker-0/INFO] - endrem: 5.2.3-R-1.20.1
[17:05:56] [modloading-worker-0/INFO] - fabric_api: 0.92.1+1.11.8+1.20.1
[17:05:56] [modloading-worker-0/INFO] - fabric_api_base: 0.4.31+ef105b4977
[17:05:56] [modloading-worker-0/INFO] - fabric_api_lookup_api_v1: 1.6.36+67f9824077
[17:05:56] [modloading-worker-0/INFO] - fabric_biome_api_v1: 13.0.13+dc36698e77
[17:05:56] [modloading-worker-0/INFO] - fabric_block_api_v1: 1.0.11+0e6cb7f777
[17:05:56] [modloading-worker-0/INFO] - fabric_block_view_api_v2: 1.0.1+0767707077
[17:05:56] [modloading-worker-0/INFO] - fabric_blockrenderlayer_v1: 1.1.41+1d0da21e77
[17:05:56] [modloading-worker-0/INFO] - fabric_client_tags_api_v1: 1.1.2+5d6761b877
[17:05:56] [modloading-worker-0/INFO] - fabric_command_api_v1: 1.2.34+f71b366f77
[17:05:56] [modloading-worker-0/INFO] - fabric_command_api_v2: 2.2.13+561530ec77
[17:05:56] [modloading-worker-0/INFO] - fabric_content_registries_v0: 4.0.11+a670df1e77
[17:05:56] [modloading-worker-0/INFO] - fabric_convention_tags_v1: 1.5.5+fa3d1c0177
[17:05:56] [modloading-worker-0/INFO] - fabric_data_attachment_api_v1: 1.0.0+30ef839e77
[17:05:56] [modloading-worker-0/INFO] - fabric_data_generation_api_v1: 12.3.4+369cb3a477
[17:05:56] [modloading-worker-0/INFO] - fabric_dimensions_v1: 2.1.54+8005d10d77
[17:05:56] [modloading-worker-0/INFO] - fabric_entity_events_v1: 1.6.0+6274ab9d77
[17:05:56] [modloading-worker-0/INFO] - fabric_events_interaction_v0: 0.6.2+0d0bd5a777
[17:05:56] [modloading-worker-0/INFO] - fabric_game_rule_api_v1: 1.0.40+683d4da877
[17:05:56] [modloading-worker-0/INFO] - fabric_item_api_v1: 2.1.28+4d0bbcfa77
[17:05:56] [modloading-worker-0/INFO] - fabric_item_group_api_v1: 4.0.12+c9161c2d77
[17:05:56] [modloading-worker-0/INFO] - fabric_key_binding_api_v1: 1.0.37+561530ec77
[17:05:56] [modloading-worker-0/INFO] - fabric_lifecycle_events_v1: 2.2.22+afab492177
[17:05:56] [modloading-worker-0/INFO] - fabric_loot_api_v2: 1.2.1+eb28f93e77
[17:05:56] [modloading-worker-0/INFO] - fabric_message_api_v1: 5.1.9+52cc178c77
[17:05:56] [modloading-worker-0/INFO] - fabric_mining_level_api_v1: 2.1.50+561530ec77
[17:05:56] [modloading-worker-0/INFO] - fabric_model_loading_api_v1: 1.0.3+6274ab9d77
[17:05:56] [modloading-worker-0/INFO] - fabric_models_v0: 0.4.2+7c3892a477
[17:05:56] [modloading-worker-0/INFO] - fabric_networking_api_v1: 1.3.11+503a202477
[17:05:56] [modloading-worker-0/INFO] - fabric_object_builder_api_v1: 11.1.3+2174fc8477
[17:05:56] [modloading-worker-0/INFO] - fabric_particles_v1: 1.1.2+78e1ecb877
[17:05:56] [modloading-worker-0/INFO] - fabric_recipe_api_v1: 1.0.21+514a076577
[17:05:56] [modloading-worker-0/INFO] - fabric_registry_sync_v0: 2.3.3+1c0ea72177
[17:05:56] [modloading-worker-0/INFO] - fabric_renderer_api_v1: 3.2.1+1d29b44577
[17:05:56] [modloading-worker-0/INFO] - fabric_renderer_indigo: 1.5.1+67f9824077
[17:05:56] [modloading-worker-0/INFO] - fabric_rendering_data_attachment_v1: 0.3.37+a6081afc77
[17:05:56] [modloading-worker-0/INFO] - fabric_rendering_fluids_v1: 3.0.28+4ac5e37a77
[17:05:56] [modloading-worker-0/INFO] - fabric_rendering_v1: 3.0.8+66e9a48f77
[17:05:56] [modloading-worker-0/INFO] - fabric_resource_conditions_api_v1: 2.3.8+9ad825cd77
[17:05:56] [modloading-worker-0/INFO] - fabric_resource_loader_v0: 0.11.10+bcd08ed377
[17:05:56] [modloading-worker-0/INFO] - fabric_screen_api_v1: 2.0.8+45a670a577
[17:05:56] [modloading-worker-0/INFO] - fabric_screen_handler_api_v1: 1.3.30+561530ec77
[17:05:56] [modloading-worker-0/INFO] - fabric_sound_api_v1: 1.0.13+4f23bd8477
[17:05:56] [modloading-worker-0/INFO] - fabric_transfer_api_v1: 3.3.5+631c9cd677
[17:05:56] [modloading-worker-0/INFO] - fabric_transitive_access_wideners_v1: 4.3.1+1880499877
[17:05:56] [modloading-worker-0/INFO] - farmersdelight: 1.20.1-1.2.4
[17:05:56] [modloading-worker-0/INFO] - flightlib: 2.1.0
[17:05:56] [modloading-worker-0/INFO] - flywheel: 0.6.10-7
[17:05:56] [modloading-worker-0/INFO] - forge: 47.2.0
[17:05:56] [modloading-worker-0/INFO] - forgeconfigapiport: 8.0.0
[17:05:56] [modloading-worker-0/INFO] - ftbchunks: 2001.3.1
[17:05:56] [modloading-worker-0/INFO] - ftblibrary: 2001.2.2
[17:05:56] [modloading-worker-0/INFO] - ftbquests: 2001.4.5
[17:05:56] [modloading-worker-0/INFO] - ftbteams: 2001.3.0
[17:05:56] [modloading-worker-0/INFO] - ftbxmodcompat: 2.1.1
[17:05:56] [modloading-worker-0/INFO] - geckolib: 4.4.4
[17:05:56] [modloading-worker-0/INFO] - jei: 15.9999
[17:05:56] [modloading-worker-0/INFO] - kotlinforforge: 4.10.0
[17:05:56] [modloading-worker-0/INFO] - kubejs: 2001.6.5-build.7
[17:05:56] [modloading-worker-0/INFO] - lootr: 0.7.33.82
[17:05:56] [modloading-worker-0/INFO] - minecraft: 1.20.1
[17:05:56] [modloading-worker-0/INFO] - mixinextras: 0.2.0-beta.8
[17:05:56] [modloading-worker-0/INFO] - modmenu: 7.2.2
[17:05:56] [modloading-worker-0/INFO] - moonlight: 1.20-2.11.31
[17:05:56] [modloading-worker-0/INFO] - patchouli: 1.20.1-84-FORGE
[17:05:56] [modloading-worker-0/INFO] - pehkui: 3.8.0+1.20.1-forge
[17:05:56] [modloading-worker-0/INFO] - placebo: 8.6.1
[17:05:56] [modloading-worker-0/INFO] - playeranimator: 1.0.2-rc1+1.20
[17:05:56] [modloading-worker-0/INFO] - railways: 1.6.4+forge-mc1.20.1
[17:05:56] [modloading-worker-0/INFO] - reach_entity_attributes: 2.4.0
[17:05:56] [modloading-worker-0/INFO] - rei_plugin_compatibilities: 12.0.93
[17:05:56] [modloading-worker-0/INFO] - rhino: 2001.2.2-build.18
[17:05:56] [modloading-worker-0/INFO] - roughlyenoughitems: 12.1.725
[17:05:56] [modloading-worker-0/INFO] - sound_physics_remastered: 1.20.1-1.4.2
[17:05:56] [modloading-worker-0/INFO] - spectrelib: 0.13.14+1.20.1
[17:05:56] [modloading-worker-0/INFO] - trinkets: 3.7.1
[17:05:56] [modloading-worker-0/INFO] - voicechat: 1.20.1-2.5.15
[17:05:56] [modloading-worker-0/INFO] ========================================
[17:05:57] [modloading-worker-0/DEBUG] [REI] Added filtering rule [roughlyenoughitems:search]: INSTANCE
[17:05:57] [modloading-worker-0/DEBUG] [REI] Added filtering rule [roughlyenoughitems:manual]: INSTANCE
[17:05:57] [modloading-worker-0/DEBUG] [REI] Added filtering rule [roughlyenoughitems:basic]: INSTANCE
[17:05:58] [modloading-worker-0/INFO] [REI] Config loaded
[17:05:58] [modloading-worker-0/DEBUG] [REI] Config saved
[17:05:58] [modloading-worker-0/DEBUG] [REI] Config saved
[17:05:58] [modloading-worker-0/DEBUG] [REI] Config saved
[17:05:58] [modloading-worker-0/INFO] [REI] Registered plugin provider FabricFluidAPISupportPlugin for REIServerPlugin
[17:05:58] [modloading-worker-0/INFO] [REI] Registered plugin provider FabricFluidAPISupportPlugin for REIPlugin
[17:05:58] [modloading-worker-0/INFO] [REI] Registered plugin provider REIForgePluginStub [ftblibrary] for REIPlugin
[17:05:59] [modloading-worker-0/INFO] [REI] Registered plugin provider REI Plugin Compatibilities Client Handler [rei_plugin_compatibilities, jei] for REIPlugin
[17:05:59] [modloading-worker-0/INFO] [REI] Registered plugin provider REIForgePluginStub [kubejs] for REIPlugin
[17:05:59] [modloading-worker-0/INFO] [REI] Registered plugin provider FTBQuestsREIIntegrationForge [ftbxmodcompat] for REIPlugin
[17:05:59] [modloading-worker-0/INFO] [REI] Registered plugin provider TesselatingReiCompatClientForge [dimdoors] for REIPlugin
[17:05:59] [modloading-worker-0/INFO] [REI] Registered plugin provider REI Plugin Compatibilities Adapter [rei_plugin_compatibilities, jei] for REIPlugin
[17:06:00] [modloading-worker-0/INFO] [REI] Registered plugin provider DefaultPluginImpl [roughlyenoughitems] for REIServerPlugin
[17:06:00] [modloading-worker-0/INFO] [REI] Registered plugin provider DefaultPluginImpl [roughlyenoughitems] for REIPlugin
[17:06:00] [modloading-worker-0/INFO] [REI] Registered plugin provider DefaultRuntimePlugin [roughlyenoughitems] for REIServerPlugin
[17:06:00] [modloading-worker-0/INFO] [REI] Registered plugin provider DefaultRuntimePlugin [roughlyenoughitems] for REIPlugin
[17:06:00] [modloading-worker-0/INFO] [REI] Registered plugin provider REI Plugin Compatibilities Adapter [rei_plugin_compatibilities, jei] for REIServerPlugin
[17:06:00] [modloading-worker-0/INFO] [REI] Registered plugin provider DefaultClientPluginImpl [roughlyenoughitems] for REIClientPlugin
[17:06:00] [modloading-worker-0/INFO] [REI] Registered plugin provider DefaultClientPluginImpl [roughlyenoughitems] for REIPlugin
[17:06:00] [modloading-worker-0/INFO] [REI] Registered plugin provider DefaultClientRuntimePlugin [roughlyenoughitems] for REIClientPlugin
[17:06:00] [modloading-worker-0/INFO] [REI] Registered plugin provider DefaultClientRuntimePlugin [roughlyenoughitems] for REIPlugin
[17:06:00] [modloading-worker-0/DEBUG] [REI] Added filtering rule [roughlyenoughitems:hidden_from_recipe_viewers]: INSTANCE
[17:06:00] [modloading-worker-0/INFO] [REI] Registered plugin provider HideIngredientsFromTagsPlugin [roughlyenoughitems] for REIClientPlugin
[17:06:00] [modloading-worker-0/INFO] [REI] Registered plugin provider HideIngredientsFromTagsPlugin [roughlyenoughitems] for REIPlugin
[17:06:00] [modloading-worker-0/INFO] [REI] Registered plugin provider REIForgePluginStub [ftblibrary] for REIClientPlugin
[17:06:00] [modloading-worker-0/INFO] [REI] Registered plugin provider REI Plugin Compatibilities Client Handler [rei_plugin_compatibilities, jei] for REIClientPlugin
[17:06:00] [modloading-worker-0/INFO] [REI] Registered plugin provider REIForgePluginStub [kubejs] for REIClientPlugin
[17:06:00] [modloading-worker-0/INFO] [REI] Registered plugin provider FTBQuestsREIIntegrationForge [ftbxmodcompat] for REIClientPlugin
[17:06:00] [modloading-worker-0/INFO] [REI] Registered plugin provider TesselatingReiCompatClientForge [dimdoors] for REIClientPlugin
[17:06:00] [modloading-worker-0/INFO] [REI] Registered plugin provider REI Plugin Compatibilities Adapter [rei_plugin_compatibilities, jei] for REIClientPlugin
